<?xml version="1.0" encoding="UTF-8"?>
<testng-results ignored="0" total="2" passed="2" failed="0" skipped="0">
  <reporter-output>
  </reporter-output>
  <suite started-at="2022-09-15T14:34:49 IST" name="Suite" finished-at="2022-09-15T14:35:04 IST" duration-ms="14734">
    <groups>
    </groups>
    <test started-at="2022-09-15T14:34:49 IST" name="Test" finished-at="2022-09-15T14:34:58 IST" duration-ms="9085">
      <class name="Parallel.Flipkart">
        <test-method signature="TC1()[pri:0, instance:Parallel.Flipkart@6da21078]" started-at="2022-09-15T14:34:49 IST" name="TC1" finished-at="2022-09-15T14:34:58 IST" duration-ms="8938" status="PASS">
          <reporter-output>
          </reporter-output>
        </test-method> <!-- TC1 -->
      </class> <!-- Parallel.Flipkart -->
    </test> <!-- Test -->
    <test started-at="2022-09-15T14:34:49 IST" name="Test1" finished-at="2022-09-15T14:35:04 IST" duration-ms="14682">
      <class name="Parallel.Amazon">
        <test-method signature="TC1()[pri:0, instance:Parallel.Amazon@428640fa]" started-at="2022-09-15T14:34:49 IST" name="TC1" finished-at="2022-09-15T14:35:04 IST" duration-ms="14596" status="PASS">
          <reporter-output>
          </reporter-output>
        </test-method> <!-- TC1 -->
      </class> <!-- Parallel.Amazon -->
    </test> <!-- Test1 -->
  </suite> <!-- Suite -->
</testng-results>
